<component name="libraryTable">
  <library name="Junit:junit:4.12" type="repository">
    <properties maven-id="Junit:junit:4.12" />
    <CLASSES>
      <root url="jar://$MAVEN_REPOSITORY$/Junit/junit/4.12/junit-4.12.jar!/" />
      <root url="jar://$MAVEN_REPOSITORY$/org/hamcrest/hamcrest-core/1.3/hamcrest-core-1.3.jar!/" />
    </CLASSES>
    <JAVADOC />
    <SOURCES />
  </library>
</component>